c:\users\kirya\source\repos\project integral\project integral\x64\debug\vc143.pdb
c:\users\kirya\source\repos\project integral\project integral\x64\debug\.netframework,version=v4.7.2.assemblyattributes.obj
c:\users\kirya\source\repos\project integral\project integral\x64\debug\gui.obj
c:\users\kirya\source\repos\project integral\x64\debug\project integral.exe
c:\users\kirya\source\repos\project integral\x64\debug\project integral.pdb
c:\users\kirya\source\repos\project integral\project integral\x64\debug\projectintegral.gui.resources
e:\портфолио\project integral\project integral\x64\debug\project integral.vcxproj.generateresource.cache
e:\портфолио\project integral\project integral\x64\debug\project integral.vcxproj.suggestedbindingredirects.cache
e:\портфолио\project integral\project integral\x64\debug\project integral.vcxproj.assemblyreference.cache
e:\портфолио\project integral\project integral\x64\debug\.netframework,version=v4.7.2.assemblyattributes.obj
e:\портфолио\project integral\project integral\x64\debug\gui.obj
e:\портфолио\project integral\project integral\x64\debug\projectintegral.gui.resources
e:\портфолио\project integral\project integral\x64\debug\vc143.pdb
e:\портфолио\project integral\x64\debug\project integral.pdb
e:\портфолио\project integral\x64\debug\project integral.exe
e:\портфолио\project integral\project integral\x64\debug\project integral.tlog\cl.command.1.tlog
e:\портфолио\project integral\project integral\x64\debug\project integral.tlog\cl.read.1.tlog
e:\портфолио\project integral\project integral\x64\debug\project integral.tlog\cl.write.1.tlog
e:\портфолио\project integral\project integral\x64\debug\project integral.tlog\link.command.1.tlog
e:\портфолио\project integral\project integral\x64\debug\project integral.tlog\link.read.1.tlog
e:\портфолио\project integral\project integral\x64\debug\project integral.tlog\link.write.1.tlog
e:\портфолио\project integral\project integral\x64\debug\project integral.tlog\metagen.read.1.tlog
e:\портфолио\project integral\project integral\x64\debug\project integral.tlog\metagen.write.1.tlog
e:\портфолио\project integral\project integral\x64\debug\project integral.tlog\project integral.write.1u.tlog
